[INFO              ] [Kivy        ] v1.9.0
[INFO              ] [Python      ] v2.7.2 (default, Nov  2 2015, 01:07:37) 
[GCC 4.9 20140827 (prerelease)]
[INFO              ] [Factory     ] 173 symbols loaded
[INFO              ] [Image       ] Providers: img_tex, img_dds, img_gif, img_pygame, img_pil (img_ffpyplayer ignored)
[INFO              ] [Text        ] Provider: pygame
[INFO              ] [Window      ] Provider: pygame
[INFO              ] [GL          ] OpenGL version <OpenGL ES 2.0>
[INFO              ] [GL          ] OpenGL vendor <ARM>
[INFO              ] [GL          ] OpenGL renderer <Mali-400 MP>
[INFO              ] [GL          ] OpenGL parsed version: 2, 0
[INFO              ] [GL          ] Texture max size <4096>
[INFO              ] [GL          ] Texture max units <8>
[INFO              ] [Support     ] Android install hooks
[INFO              ] [Window      ] virtual keyboard not allowed, single mode, not docked
[INFO              ] [GL          ] NPOT texture support is available
[INFO              ] [OSC         ] using <thread> for socket
[INFO              ] [Base        ] Start application main loop
[INFO              ] [Android     ] found 17 joystick
[INFO              ] [Android     ] create joystick <0>
[INFO              ] [Android     ] discard joystick <0> cause no button
[INFO              ] [Android     ] create joystick <1>
[INFO              ] [Android     ] create joystick <2>
[INFO              ] [Android     ] create joystick <3>
[INFO              ] [Android     ] create joystick <4>
[INFO              ] [Android     ] create joystick <5>
[INFO              ] [Android     ] create joystick <6>
[INFO              ] [Android     ] create joystick <7>
[INFO              ] [Android     ] create joystick <8>
[INFO              ] [Android     ] create joystick <9>
[INFO              ] [Android     ] create joystick <10>
[INFO              ] [Android     ] create joystick <11>
[INFO              ] [Android     ] create joystick <12>
[INFO              ] [Android     ] create joystick <13>
[INFO              ] [Android     ] create joystick <14>
[INFO              ] [Android     ] create joystick <15>
[INFO              ] [Android     ] create joystick <16>
[INFO              ] [Base        ] Leaving application in progress...

